<?xml version="1.0" encoding="UTF-8"?>
<testsuite xmlns:xsi="http://www.w3.org/2001/XMLSchema-instance" xsi:noNamespaceSchemaLocation="https://maven.apache.org/surefire/maven-surefire-plugin/xsd/surefire-test-report.xsd" name="gm.rh.RhApplicationTests" time="0.354" tests="1" errors="1" skipped="0" failures="0">
  <properties>
[...]
</properties>
  <testcase name="gm.rh.RhApplicationTests" classname="gm.rh.RhApplicationTests" time="0.352">
    <error message="Failed to read candidate component class: file [C:\FullStack-Aplication-Dockerized\backend-rh\target\test-classes\gm\rh\RhApplicationTests.class]" type="org.springframework.beans.factory.BeanDefinitionStoreException">org.springframework.beans.factory.BeanDefinitionStoreException: Failed to read candidate component class: file [C:\FullStack-Aplication-Dockerized\backend-rh\target\test-classes\gm\rh\RhApplicationTests.class]
Caused by: java.io.IOException: ASM ClassReader failed to parse class file - probably due to a new Java class file version that isn't supported yet: file [C:\FullStack-Aplication-Dockerized\backend-rh\target\test-classes\gm\rh\RhApplicationTests.class]
Caused by: java.lang.IllegalArgumentException: Unsupported class file major version 66
</error>
    <system-out><![CDATA[14:01:07.066 [main] DEBUG org.springframework.boot.test.context.SpringBootTestContextBootstrapper -- Neither @ContextConfiguration nor @ContextHierarchy found for test class [RhApplicationTests]: using SpringBootContextLoader
14:01:07.081 [main] DEBUG org.springframework.test.context.support.AbstractContextLoader -- Could not detect default resource locations for test class [gm.rh.RhApplicationTests]: no resource found for suffixes {-context.xml, Context.groovy}.
14:01:07.081 [main] INFO org.springframework.test.context.support.AnnotationConfigContextLoaderUtils -- Could not detect default configuration classes for test class [gm.rh.RhApplicationTests]: RhApplicationTests does not declare any static, non-private, non-final, nested classes annotated with @Configuration.
14:01:07.117 [main] DEBUG org.springframework.boot.test.context.SpringBootTestContextBootstrapper -- Using ContextCustomizers for test class [RhApplicationTests]: [ExcludeFilterContextCustomizer, DuplicateJsonObjectContextCustomizer, MockitoContextCustomizer, TestRestTemplateContextCustomizer, DisableObservabilityContextCustomizer, PropertyMappingContextCustomizer, WebDriverContextCustomizer]
]]></system-out>
  </testcase>
</testsuite>